{
  "RSpec": {
    "coverage": {
      "/Users/keldrasmith/Projects/Makersbnb/app.rb": {
        "lines": [
          1,
          1,
          null,
          1,
          1,
          0,
          null,
          null,
          1,
          1,
          null,
          null,
          1,
          2,
          null,
          null,
          1,
          1,
          1,
          1,
          1,
          1,
          1,
          1,
          1,
          null,
          1,
          null
        ]
      },
      "/Users/keldrasmith/Projects/Makersbnb/spec/features/homepage_spec.rb": {
        "lines": [
          1,
          1,
          1,
          1,
          null,
          null
        ]
      },
      "/Users/keldrasmith/Projects/Makersbnb/spec/features/sign_up_spec.rb": {
        "lines": [
          1,
          1,
          1,
          1,
          null,
          null,
          null,
          null,
          null,
          1,
          null,
          1,
          null,
          null,
          null
        ]
      }
    },
    "timestamp": 1632394496
  }
}
