{
  "RSpec": {
    "coverage": {
      "/Users/keldrasmith/Projects/Makersbnb/app.rb": {
        "lines": [
          1,
          1,
          1,
          1,
          null,
          1,
          1,
          1,
          null,
          null,
          1,
          1,
          null,
          null,
          1,
          1,
          null,
          1,
          1,
          null,
          null,
          1,
          1,
          null,
          null,
          1,
          1,
          1,
          1,
          1,
          1,
          1,
          1,
          1,
          null,
          null,
          null,
          1,
          1,
          null,
          null,
          1,
          null,
          1,
          null,
          null,
          1,
          null,
          null,
          1,
          2,
          2,
          null,
          null,
          1,
          null
        ]
      },
      "/Users/keldrasmith/Projects/Makersbnb/lib/view_space.rb": {
        "lines": [
          1,
          1,
          1,
          null,
          1,
          null,
          1,
          6,
          6,
          6,
          6,
          6,
          null,
          null,
          1,
          3,
          3,
          null,
          0,
          null,
          null,
          3,
          6,
          null,
          null,
          null,
          null,
          null,
          null,
          1,
          3,
          3,
          null,
          0,
          null,
          null,
          3,
          null,
          null,
          null,
          null,
          3,
          null,
          null,
          null,
          null,
          null,
          null,
          null,
          null
        ]
      },
      "/Users/keldrasmith/Projects/Makersbnb/spec/features/homepage_spec.rb": {
        "lines": [
          1,
          1,
          1,
          1,
          1,
          null,
          null
        ]
      },
      "/Users/keldrasmith/Projects/Makersbnb/spec/features/new_space_spec.rb": {
        "lines": [
          1,
          1,
          1,
          1,
          1,
          1,
          1,
          1,
          1,
          null,
          1,
          null,
          null
        ]
      },
      "/Users/keldrasmith/Projects/Makersbnb/spec/features/sign_up_spec.rb": {
        "lines": [
          1,
          1,
          1,
          1,
          null,
          null,
          null,
          null,
          null,
          1,
          null,
          1,
          null,
          null,
          null
        ]
      },
      "/Users/keldrasmith/Projects/Makersbnb/spec/features/view_space_spec.rb": {
        "lines": [
          1,
          null,
          1,
          1,
          null,
          1,
          null,
          null,
          null,
          1,
          1,
          null,
          null,
          null
        ]
      },
      "/Users/keldrasmith/Projects/Makersbnb/spec/view_space_spec.rb": {
        "lines": [
          1,
          null,
          1,
          1,
          1,
          1,
          null,
          null,
          1,
          1,
          1,
          1,
          null,
          null,
          null
        ]
      }
    },
    "timestamp": 1632491836
  }
}
